16:03:38.905 [main] INFO  testCases.TC001_AccountRegistrationTest - *****Starting test case001******
16:03:39.116 [main] INFO  testCases.TC001_AccountRegistrationTest - *****Clicked on My Account Link******
16:03:39.648 [main] INFO  testCases.TC001_AccountRegistrationTest - *****Clicked on Register Link******
16:03:39.660 [main] INFO  testCases.TC001_AccountRegistrationTest - *****Providing customer details******
16:04:44.494 [main] INFO  testCases.TC001_AccountRegistrationTest - *****Starting test case001******
16:04:44.721 [main] INFO  testCases.TC001_AccountRegistrationTest - *****Clicked on My Account Link******
16:04:45.279 [main] INFO  testCases.TC001_AccountRegistrationTest - *****Clicked on Register Link******
16:04:45.289 [main] INFO  testCases.TC001_AccountRegistrationTest - *****Providing customer details******
16:05:28.150 [main] INFO  testCases.TC001_AccountRegistrationTest - *****Starting test case001******
16:05:28.461 [main] INFO  testCases.TC001_AccountRegistrationTest - *****Clicked on My Account Link******
16:05:29.005 [main] INFO  testCases.TC001_AccountRegistrationTest - *****Clicked on Register Link******
16:05:29.017 [main] INFO  testCases.TC001_AccountRegistrationTest - *****Providing customer details******
16:05:30.876 [main] INFO  testCases.TC001_AccountRegistrationTest - *****Validating expected Success message******
16:05:30.877 [main] INFO  testCases.TC001_AccountRegistrationTest - *****Completed test case TC001******
16:27:43.338 [main] INFO  testCases.TC001_AccountRegistrationTest - *****Starting test case001******
16:27:43.545 [main] INFO  testCases.TC001_AccountRegistrationTest - *****Clicked on My Account Link******
16:27:44.059 [main] INFO  testCases.TC001_AccountRegistrationTest - *****Clicked on Register Link******
16:27:44.068 [main] INFO  testCases.TC001_AccountRegistrationTest - *****Providing customer details******
16:27:45.852 [main] INFO  testCases.TC001_AccountRegistrationTest - *****Validating expected Success message******
16:27:45.853 [main] INFO  testCases.TC001_AccountRegistrationTest - *****Completed test case TC001******
16:29:31.177 [main] INFO  testCases.TC001_AccountRegistrationTest - *****Starting test case001******
16:29:31.437 [main] INFO  testCases.TC001_AccountRegistrationTest - *****Clicked on My Account Link******
16:29:31.927 [main] INFO  testCases.TC001_AccountRegistrationTest - *****Clicked on Register Link******
16:29:31.937 [main] INFO  testCases.TC001_AccountRegistrationTest - *****Providing customer details******
16:29:33.327 [main] INFO  testCases.TC001_AccountRegistrationTest - *****Validating expected Success message******
16:29:33.327 [main] INFO  testCases.TC001_AccountRegistrationTest - *****Completed test case TC001******
16:33:11.997 [main] INFO  testCases.TC001_AccountRegistrationTest - *****Starting test case001******
16:33:12.271 [main] INFO  testCases.TC001_AccountRegistrationTest - *****Clicked on My Account Link******
16:33:12.826 [main] INFO  testCases.TC001_AccountRegistrationTest - *****Clicked on Register Link******
16:33:12.836 [main] INFO  testCases.TC001_AccountRegistrationTest - *****Providing customer details******
16:33:14.770 [main] INFO  testCases.TC001_AccountRegistrationTest - *****Validating expected Success message******
16:33:14.770 [main] INFO  testCases.TC001_AccountRegistrationTest - *****Completed test case TC001******
16:33:22.975 [main] INFO  testCases.TC001_AccountRegistrationTest - *****Starting test case001******
16:33:23.158 [main] INFO  testCases.TC001_AccountRegistrationTest - *****Clicked on My Account Link******
16:33:23.853 [main] INFO  testCases.TC001_AccountRegistrationTest - *****Clicked on Register Link******
16:33:23.854 [main] INFO  testCases.TC001_AccountRegistrationTest - *****Providing customer details******
16:33:25.302 [main] INFO  testCases.TC001_AccountRegistrationTest - *****Validating expected Success message******
16:33:25.302 [main] INFO  testCases.TC001_AccountRegistrationTest - *****Completed test case TC001******
16:34:22.212 [TestNG-tests-1] INFO  testCases.TC001_AccountRegistrationTest - *****Starting test case001******
16:34:22.572 [TestNG-tests-1] INFO  testCases.TC001_AccountRegistrationTest - *****Clicked on My Account Link******
16:34:23.688 [TestNG-tests-1] INFO  testCases.TC001_AccountRegistrationTest - *****Clicked on Register Link******
16:34:23.699 [TestNG-tests-1] INFO  testCases.TC001_AccountRegistrationTest - *****Providing customer details******
16:34:27.439 [TestNG-tests-1] INFO  testCases.TC001_AccountRegistrationTest - *****Validating expected Success message******
16:34:27.439 [TestNG-tests-1] INFO  testCases.TC001_AccountRegistrationTest - *****Completed test case TC001******
16:34:29.585 [TestNG-tests-2] INFO  testCases.TC001_AccountRegistrationTest - *****Starting test case001******
16:34:29.799 [TestNG-tests-2] INFO  testCases.TC001_AccountRegistrationTest - *****Clicked on My Account Link******
16:34:30.544 [TestNG-tests-2] INFO  testCases.TC001_AccountRegistrationTest - *****Clicked on Register Link******
16:34:30.545 [TestNG-tests-2] INFO  testCases.TC001_AccountRegistrationTest - *****Providing customer details******
16:34:31.869 [TestNG-tests-2] INFO  testCases.TC001_AccountRegistrationTest - *****Validating expected Success message******
16:34:31.870 [TestNG-tests-2] INFO  testCases.TC001_AccountRegistrationTest - *****Completed test case TC001******
16:49:21.662 [TestNG-tests-1] INFO  testCases.TC001_AccountRegistrationTest - *****Starting test case001******
16:49:23.565 [TestNG-tests-1] INFO  testCases.TC001_AccountRegistrationTest - *****Clicked on My Account Link******
16:49:24.822 [TestNG-tests-1] INFO  testCases.TC001_AccountRegistrationTest - *****Clicked on Register Link******
16:49:24.835 [TestNG-tests-1] INFO  testCases.TC001_AccountRegistrationTest - *****Providing customer details******
16:49:25.151 [TestNG-tests-2] INFO  testCases.TC001_AccountRegistrationTest - *****Starting test case001******
16:49:25.375 [TestNG-tests-2] INFO  testCases.TC001_AccountRegistrationTest - *****Clicked on My Account Link******
16:49:26.511 [TestNG-tests-2] INFO  testCases.TC001_AccountRegistrationTest - *****Clicked on Register Link******
16:49:26.512 [TestNG-tests-2] INFO  testCases.TC001_AccountRegistrationTest - *****Providing customer details******
16:49:28.573 [TestNG-tests-2] INFO  testCases.TC001_AccountRegistrationTest - *****Validating expected Success message******
16:49:28.573 [TestNG-tests-2] INFO  testCases.TC001_AccountRegistrationTest - *****Completed test case TC001******
16:49:28.647 [TestNG-tests-1] INFO  testCases.TC001_AccountRegistrationTest - *****Validating expected Success message******
16:49:28.647 [TestNG-tests-1] INFO  testCases.TC001_AccountRegistrationTest - *****Completed test case TC001******
17:39:06.123 [main] INFO  testCases.TC001_AccountRegistrationTest - *****Starting test case001******
17:39:06.317 [main] INFO  testCases.TC001_AccountRegistrationTest - *****Clicked on My Account Link******
17:39:06.818 [main] INFO  testCases.TC001_AccountRegistrationTest - *****Clicked on Register Link******
17:39:06.830 [main] INFO  testCases.TC001_AccountRegistrationTest - *****Providing customer details******
17:39:08.587 [main] INFO  testCases.TC001_AccountRegistrationTest - *****Validating expected Success message******
17:39:08.587 [main] INFO  testCases.TC001_AccountRegistrationTest - *****Completed test case TC001******
17:39:11.233 [main] INFO  testCases.TC002_LoginTest - *******Testing login page************
17:39:12.987 [main] INFO  testCases.TC002_LoginTest - *******Completed Testing login page************
